#
# There is insufficient memory for the Java Runtime Environment to continue.
# Native memory allocation (mmap) failed to map 266338304 bytes for G1 virtual space
# Possible reasons:
#   The system is out of physical RAM or swap space
#   The process is running with CompressedOops enabled, and the Java Heap may be blocking the growth of the native heap
# Possible solutions:
#   Reduce memory load on the system
#   Increase physical memory or swap space
#   Check if swap backing store is full
#   Decrease Java heap size (-Xmx/-Xms)
#   Decrease number of Java threads
#   Decrease Java thread stack sizes (-Xss)
#   Set larger code cache with -XX:ReservedCodeCacheSize=
#   JVM is running with Zero Based Compressed Oops mode in which the Java heap is
#     placed in the first 32GB address space. The Java Heap base address is the
#     maximum limit for the native heap growth. Please use -XX:HeapBaseMinAddress
#     to set the Java Heap base and to place the Java Heap above 32GB virtual address.
# This output file may be truncated or incomplete.
#
#  Out of Memory Error (os_windows.cpp:3532), pid=21896, tid=1528
#
# JRE version:  (17.0.2+8) (build )
# Java VM: Java HotSpot(TM) 64-Bit Server VM (17.0.2+8-LTS-86, mixed mode, sharing, tiered, compressed oops, compressed class ptrs, g1 gc, windows-amd64)
# No core dump will be written. Minidumps are not enabled by default on client versions of Windows
#

---------------  S U M M A R Y ------------

Command Line: -javaagent:D:\JetBrains\apps\IDEA-U\ch-1\221.5591.52\lib\idea_rt.jar=4629:D:\JetBrains\apps\IDEA-U\ch-1\221.5591.52\bin -Dfile.encoding=UTF-8 experiment.experiment6.TestPerson3

Host: Intel(R) Core(TM) i5-9300H CPU @ 2.40GHz, 8 cores, 15G,  Windows 11 , 64 bit Build 22621 (10.0.22621.1)
Time: Wed May 18 11:44:19 2022  Windows 11 , 64 bit Build 22621 (10.0.22621.1) elapsed time: 0.022609 seconds (0d 0h 0m 0s)

---------------  T H R E A D  ---------------

Current thread (0x0000029bca9ffe70):  JavaThread "Unknown thread" [_thread_in_vm, id=1528, stack(0x000000ebc4b00000,0x000000ebc4c00000)]

Stack: [0x000000ebc4b00000,0x000000ebc4c00000]
Native frames: (J=compiled Java code, j=interpreted, Vv=VM code, C=native code)
V  [jvm.dll+0x670baa]
V  [jvm.dll+0x7cfcb4]
V  [jvm.dll+0x7d145e]
V  [jvm.dll+0x7d1ac3]
V  [jvm.dll+0x242bc5]
V  [jvm.dll+0x66dac9]
V  [jvm.dll+0x662412]
V  [jvm.dll+0x300c0b]
V  [jvm.dll+0x3081a6]
V  [jvm.dll+0x357d0e]
V  [jvm.dll+0x357f3f]
V  [jvm.dll+0x2d7ec8]
V  [jvm.dll+0x2d8e34]
V  [jvm.dll+0x7a18c1]
V  [jvm.dll+0x365a91]
V  [jvm.dll+0x780d2c]
V  [jvm.dll+0x3e845f]
V  [jvm.dll+0x3e9f01]
C  [jli.dll+0x527b]
C  [ucrtbase.dll+0x29363]
C  [KERNEL32.DLL+0x1244d]
C  [ntdll.dll+0x5df88]


---------------  P R O C E S S  ---------------

Threads class SMR info:
_java_thread_list=0x00007ffd2ea49858, length=0, elements={
}

Java Threads: ( => current thread )

Other Threads:
  0x0000029bcaa4e130 GCTaskThread "GC Thread#0" [stack: 0x000000ebc4c00000,0x000000ebc4d00000] [id=11644]
  0x0000029bcaa5fde0 ConcurrentGCThread "G1 Main Marker" [stack: 0x000000ebc4d00000,0x000000ebc4e00000] [id=5608]
  0x0000029bcaa61db0 ConcurrentGCThread "G1 Conc#0" [stack: 0x000000ebc4e00000,0x000000ebc4f00000] [id=22180]

[error occurred during error reporting (printing all threads), id 0xc0000005, EXCEPTION_ACCESS_VIOLATION (0xc0000005) at pc=0x00007ffd2e2988a7]

VM state: not at safepoint (not fully initialized)

VM Mutex/Monitor currently owned by a thread:  ([mutex/lock_event])
[0x0000029bca9fb110] Heap_lock - owner thread: 0x0000029bca9ffe70

Heap address: 0x0000000702800000, size: 4056 MB, Compressed Oops mode: Zero based, Oop shift amount: 3

CDS archive(s) mapped at: [0x0000000000000000-0x0000000000000000-0x0000000000000000), size 0, SharedBaseAddress: 0x0000000800000000, ArchiveRelocationMode: 0.
Narrow klass base: 0x0000000000000000, Narrow klass shift: 0, Narrow klass range: 0x0

GC Precious Log:
<Empty>

Heap:
 garbage-first heap   total 0K, used 0K [0x0000000702800000, 0x0000000800000000)
  region size 2048K, 0 young (0K), 0 survivors (0K)

[error occurred during error reporting (printing heap information), id 0xc0000005, EXCEPTION_ACCESS_VIOLATION (0xc0000005) at pc=0x00007ffd2e679f19]

GC Heap History (0 events):
No events

Deoptimization events (0 events):
No events

Classes unloaded (0 events):
No events

Classes redefined (0 events):
No events

Internal exceptions (0 events):
No events

VM Operations (0 events):
No events

Events (1 events):
Event: 0.014 Loaded shared library D:\jdk-17.0.2\bin\java.dll


Dynamic libraries:
0x00007ff7774f0000 - 0x00007ff777500000 	D:\jdk-17.0.2\bin\java.exe
0x00007ffd73970000 - 0x00007ffd73b84000 	C:\WINDOWS\SYSTEM32\ntdll.dll
0x00007ffd72b50000 - 0x00007ffd72c12000 	C:\WINDOWS\System32\KERNEL32.DLL
0x00007ffd70fd0000 - 0x00007ffd7136c000 	C:\WINDOWS\System32\KERNELBASE.dll
0x00007ffd70e80000 - 0x00007ffd70f91000 	C:\WINDOWS\System32\ucrtbase.dll
0x00007ffd6df30000 - 0x00007ffd6df48000 	D:\jdk-17.0.2\bin\jli.dll
0x00007ffd6df10000 - 0x00007ffd6df2a000 	D:\jdk-17.0.2\bin\VCRUNTIME140.dll
0x00007ffd72c30000 - 0x00007ffd72cde000 	C:\WINDOWS\System32\ADVAPI32.dll
0x00007ffd72250000 - 0x00007ffd722f7000 	C:\WINDOWS\System32\msvcrt.dll
0x00007ffd73870000 - 0x00007ffd73914000 	C:\WINDOWS\System32\sechost.dll
0x00007ffd726a0000 - 0x00007ffd727b5000 	C:\WINDOWS\System32\RPCRT4.dll
0x00007ffd72980000 - 0x00007ffd72b2b000 	C:\WINDOWS\System32\USER32.dll
0x00007ffd70fa0000 - 0x00007ffd70fc6000 	C:\WINDOWS\System32\win32u.dll
0x00007ffd5a2e0000 - 0x00007ffd5a56e000 	C:\WINDOWS\WinSxS\amd64_microsoft.windows.common-controls_6595b64144ccf1df_6.0.22621.1_none_60e502bd9af5bef0\COMCTL32.dll
0x00007ffd72940000 - 0x00007ffd72969000 	C:\WINDOWS\System32\GDI32.dll
0x00007ffd71410000 - 0x00007ffd71522000 	C:\WINDOWS\System32\gdi32full.dll
0x00007ffd71370000 - 0x00007ffd7140a000 	C:\WINDOWS\System32\msvcp_win.dll
0x00007ffd6afc0000 - 0x00007ffd6afca000 	C:\WINDOWS\SYSTEM32\VERSION.dll
0x00007ffd73640000 - 0x00007ffd73671000 	C:\WINDOWS\System32\IMM32.DLL
0x00007ffd6e230000 - 0x00007ffd6e23c000 	D:\jdk-17.0.2\bin\vcruntime140_1.dll
0x00007ffd5f100000 - 0x00007ffd5f18d000 	D:\jdk-17.0.2\bin\msvcp140.dll
0x00007ffd2dfb0000 - 0x00007ffd2eb71000 	D:\jdk-17.0.2\bin\server\jvm.dll
0x00007ffd73920000 - 0x00007ffd73928000 	C:\WINDOWS\System32\PSAPI.DLL
0x00007ffd6ad90000 - 0x00007ffd6adc4000 	C:\WINDOWS\SYSTEM32\WINMM.dll
0x00007ffd5a010000 - 0x00007ffd5a019000 	C:\WINDOWS\SYSTEM32\WSOCK32.dll
0x00007ffd727c0000 - 0x00007ffd72831000 	C:\WINDOWS\System32\WS2_32.dll
0x00007ffd6ff20000 - 0x00007ffd6ff38000 	C:\WINDOWS\SYSTEM32\kernel.appcore.dll
0x00007ffd6bb20000 - 0x00007ffd6bb2a000 	D:\jdk-17.0.2\bin\jimage.dll
0x00007ffd606f0000 - 0x00007ffd6091e000 	C:\WINDOWS\SYSTEM32\DBGHELP.DLL
0x00007ffd71ca0000 - 0x00007ffd72029000 	C:\WINDOWS\System32\combase.dll
0x00007ffd72300000 - 0x00007ffd723d7000 	C:\WINDOWS\System32\OLEAUT32.dll
0x00007ffd57ed0000 - 0x00007ffd57f02000 	C:\WINDOWS\SYSTEM32\dbgcore.DLL
0x00007ffd71530000 - 0x00007ffd715ab000 	C:\WINDOWS\System32\bcryptPrimitives.dll
0x00007ffd6b780000 - 0x00007ffd6b78e000 	D:\jdk-17.0.2\bin\instrument.dll
0x00007ffd6b790000 - 0x00007ffd6b7b5000 	D:\jdk-17.0.2\bin\java.dll

dbghelp: loaded successfully - version: 4.0.5 - missing functions: none
symbol engine: initialized successfully - sym options: 0x614 - pdb path: .;D:\jdk-17.0.2\bin;C:\WINDOWS\SYSTEM32;C:\WINDOWS\WinSxS\amd64_microsoft.windows.common-controls_6595b64144ccf1df_6.0.22621.1_none_60e502bd9af5bef0;D:\jdk-17.0.2\bin\server

VM Arguments:
jvm_args: -javaagent:D:\JetBrains\apps\IDEA-U\ch-1\221.5591.52\lib\idea_rt.jar=4629:D:\JetBrains\apps\IDEA-U\ch-1\221.5591.52\bin -Dfile.encoding=UTF-8 
java_command: experiment.experiment6.TestPerson3
java_class_path (initial): D:\mycode\out\production\mycodes
Launcher Type: SUN_STANDARD

[Global flags]
     intx CICompilerCount                          = 4                                         {product} {ergonomic}
     uint ConcGCThreads                            = 2                                         {product} {ergonomic}
     uint G1ConcRefinementThreads                  = 8                                         {product} {ergonomic}
   size_t G1HeapRegionSize                         = 2097152                                   {product} {ergonomic}
    uintx GCDrainStackTargetSize                   = 64                                        {product} {ergonomic}
   size_t InitialHeapSize                          = 266338304                                 {product} {ergonomic}
   size_t MarkStackSize                            = 4194304                                   {product} {ergonomic}
   size_t MaxHeapSize                              = 4253024256                                {product} {ergonomic}
   size_t MinHeapDeltaBytes                        = 2097152                                   {product} {ergonomic}
   size_t MinHeapSize                              = 8388608                                   {product} {ergonomic}
    uintx NonNMethodCodeHeapSize                   = 5839372                                {pd product} {ergonomic}
    uintx NonProfiledCodeHeapSize                  = 122909434                              {pd product} {ergonomic}
    uintx ProfiledCodeHeapSize                     = 122909434                              {pd product} {ergonomic}
    uintx ReservedCodeCacheSize                    = 251658240                              {pd product} {ergonomic}
     bool SegmentedCodeCache                       = true                                      {product} {ergonomic}
   size_t SoftMaxHeapSize                          = 4253024256                             {manageable} {ergonomic}
     bool UseCompressedClassPointers               = true                           {product lp64_product} {ergonomic}
     bool UseCompressedOops                        = true                           {product lp64_product} {ergonomic}
     bool UseG1GC                                  = true                                      {product} {ergonomic}
     bool UseLargePagesIndividualAllocation        = false                                  {pd product} {ergonomic}

Logging:
Log output configuration:
 #0: stdout all=warning uptime,level,tags
 #1: stderr all=off uptime,level,tags

Environment Variables:
JAVA_HOME=D:\jdk-17.0.2
CLASSPATH=.;D:\jdk-17.0.2\lib\dt.jar;D:\jdk-17.0.2\lib\tools.jar
PATH=D:\VMware\VMware Workstation\bin\;C:\Program Files (x86)\Common Files\Intel\Shared Libraries\redist\intel64\compiler;C:\Program Files\Common Files\Oracle\Java\javapath;C:\WINDOWS\system32;C:\WINDOWS;C:\WINDOWS\System32\Wbem;C:\WINDOWS\System32\WindowsPowerShell\v1.0\;C:\WINDOWS\System32\OpenSSH\;C:\Program Files\NVIDIA Corporation\NVIDIA NvDLISR;D:\jdk-17.0.2\bin;D:\jdk-17.0.2\jre\bin;C:\Program Files (x86)\NVIDIA Corporation\PhysX\Common;D:\mysql\bin;C:\Program Files\nodejs\;%MYSQL_HOME%\bin;C:\Program Files\Git\cmd;D:\Œ¢–≈webø™∑¢’ﬂπ§æﬂ\dll;D:\mingw64\bin;C:\nodejs\node_global;D:\hyper\resources\bin;C:\Program Files\Microsoft SQL Server\150\Tools\Binn\;C:\Program Files\Microsoft SQL Server\Client SDK\ODBC\170\Tools\Binn\;C:\Program Files\dotnet\;C:\WINDOWS\system32;C:\WINDOWS;C:\WINDOWS\System32\Wbem;C:\WINDOWS\System32\WindowsPowerShell\v1.0\;C:\WINDOWS\System32\OpenSSH\;C:\Users\À…∏Á\AppData\Local\oh-my-posh;C:\Program Files (x86)\Microsoft SQL Server\150\Tools\Binn\;C:\Program Files\Microsoft SQL Server\150\DTS\Binn\;C:\Program Files (x86)\Microsoft SQL Server\150\DTS\Binn\;C:\Program Files\Azure Data Studio\bin;D:\Bandizip;C:\Program Files\MySQL\MySQL Shell 8.0\bin\;C:\Users\À…∏Á\AppData\Local\Microsoft\WindowsApps;D:\Microsoft VS Code\bin;C:\Users\À…∏Á\AppData\Roaming\npm;D:\CLion 2022.1\bin;C:\Users\À…∏Á\AppData\Local\GitHubDesktop\bin;C:\Users\À…∏Á\AppData\Local\gitkraken\bin;C:\Users\À…∏Á\AppData\Local\atom\bin;D:\WebStorm 2022.1\bin;;D:\DataGrip 2022.1.1\bin;;D:\hyper\resources\bin;C:\Users\À…∏Á\.dotnet\tools;D:\PyCharm 2022.1\bin;;C:\Users\À…∏Á\AppData\Local\Microsoft\WindowsApps;;C:\Users\À…∏Á\AppData\Local\Programs\oh-my-posh\bin;D:\PhpStorm 2022.1\bin;;C:\Program Files\Azure Data Studio\bin
USERNAME=À…∏Á
OS=Windows_NT
PROCESSOR_IDENTIFIER=Intel64 Family 6 Model 158 Stepping 10, GenuineIntel



---------------  S Y S T E M  ---------------

OS:
 Windows 11 , 64 bit Build 22621 (10.0.22621.1)
OS uptime: 0 days 16:23 hours

CPU: total 8 (initial active 8) (4 cores per cpu, 2 threads per core) family 6 model 158 stepping 10 microcode 0xde, cx8, cmov, fxsr, ht, mmx, 3dnowpref, sse, sse2, sse3, ssse3, sse4.1, sse4.2, popcnt, lzcnt, tsc, tscinvbit, avx, avx2, aes, erms, clmul, bmi1, bmi2, adx, fma, vzeroupper, clflush, clflushopt

Memory: 4k page, system-wide physical 16222M (1219M free)
TotalPageFile size 33350M (AvailPageFile size 98M)
current process WorkingSet (physical memory assigned to process): 12M, peak: 12M
current process commit charge ("private bytes"): 60M, peak: 314M

vm_info: Java HotSpot(TM) 64-Bit Server VM (17.0.2+8-LTS-86) for windows-amd64 JRE (17.0.2+8-LTS-86), built on Dec  7 2021 21:51:03 by "mach5one" with MS VC++ 16.8 / 16.9 (VS2019)

END.
